Android/app/build/intermediates/manifest_merge_blame_file/debug/manifest-merger-blame-debug-report.txt
1<?xml version="1.0" encoding="utf-8"?>
2<manifest xmlns:android="http://schemas.android.com/apk/res/android"
3    xmlns:dist="http://schemas.android.com/apk/distribution"
4    package="com.example.mdp_android_grp15"
5    android:versionCode="1"
6    android:versionName="1.0" >
7
8    <uses-sdk
9        android:minSdkVersion="15"
9-->src\main\AndroidManifest.xml
10        android:targetSdkVersion="29" />
10-->src\main\AndroidManifest.xml
11    <!-- package name needa changeeeee -->
12
13    <dist:module dist:instant="true" />
13-->src\main\AndroidManifest.xml:8:5-40
13-->src\main\AndroidManifest.xml:8:18-37
14
15    <!-- added permission for bluetooth connection -->
16    <uses-feature android:name="android.hardware.bluetooth" />
16-->src\main\AndroidManifest.xml:11:5-63
16-->src\main\AndroidManifest.xml:11:19-60
17
18    <uses-permission android:name="android.permission.BLUETOOTH" />
18-->src\main\AndroidManifest.xml:13:5-68
18-->src\main\AndroidManifest.xml:13:22-65
19    <uses-permission android:name="android.permission.BLUETOOTH_ADMIN" />
19-->src\main\AndroidManifest.xml:14:5-74
19-->src\main\AndroidManifest.xml:14:22-71
20    <uses-permission android:name="android.permission.READ_PHONE_STATE" />
20-->src\main\AndroidManifest.xml:15:5-75
20-->src\main\AndroidManifest.xml:15:22-72
21    <uses-permission android:name="android.permission.ACCESS_COARSE_LOCATION" />
21-->src\main\AndroidManifest.xml:17:5-80
21-->src\main\AndroidManifest.xml:17:22-78
22    <uses-permission android:name="android.permission.ACCESS_FINE_LOCATION" />
22-->src\main\AndroidManifest.xml:18:5-78
22-->src\main\AndroidManifest.xml:18:22-76
23    <uses-permission android:name="android.permission.BLUETOOTH_PRIVILEGED" />
23-->src\main\AndroidManifest.xml:20:5-21:47
23-->src\main\AndroidManifest.xml:20:22-76
24
25    <!-- Include required permissions for Google Maps API to run. -->
26    <uses-permission android:name="android.permission.ACCESS_NETWORK_STATE" />
26-->[com.google.android.gms:play-services-maps:17.0.0] AndroidManifest.xml:23:5-79
26-->[com.google.android.gms:play-services-maps:17.0.0] AndroidManifest.xml:23:22-76
27    <uses-permission android:name="android.permission.INTERNET" />
27-->[com.google.android.gms:play-services-maps:17.0.0] AndroidManifest.xml:24:5-67
27-->[com.google.android.gms:play-services-maps:17.0.0] AndroidManifest.xml:24:22-64
28
29    <uses-feature
29-->[com.google.android.gms:play-services-maps:17.0.0] AndroidManifest.xml:26:5-28:35
30        android:glEsVersion="0x00020000"
30-->[com.google.android.gms:play-services-maps:17.0.0] AndroidManifest.xml:27:9-41
31        android:required="true" /> <!-- added tools:ignore="ProtectedPermissions" as suggested -->
31-->[com.google.android.gms:play-services-maps:17.0.0] AndroidManifest.xml:28:9-32
32    <application
32-->src\main\AndroidManifest.xml:24:5-44:19
33        android:allowBackup="true"
33-->src\main\AndroidManifest.xml:25:9-35
34        android:appComponentFactory="androidx.core.app.CoreComponentFactory"
34-->[androidx.core:core:1.1.0] AndroidManifest.xml:24:18-86
35        android:debuggable="true"
36        android:icon="@mipmap/ic_launcher"
36-->src\main\AndroidManifest.xml:26:9-43
37        android:label="@string/app_name"
37-->src\main\AndroidManifest.xml:27:9-41
38        android:roundIcon="@mipmap/ic_launcher_round"
38-->src\main\AndroidManifest.xml:28:9-54
39        android:supportsRtl="true"
39-->src\main\AndroidManifest.xml:29:9-35
40        android:testOnly="true"
41        android:theme="@style/AppTheme" >
41-->src\main\AndroidManifest.xml:30:9-40
42        <activity
42-->src\main\AndroidManifest.xml:31:9-41:20
43            android:name="com.example.mdp_android_grp15.MainActivity"
43-->src\main\AndroidManifest.xml:32:13-41
44            android:label="@string/app_name"
44-->src\main\AndroidManifest.xml:33:13-45
45            android:theme="@style/AppTheme.NoActionBar"
45-->src\main\AndroidManifest.xml:34:13-56
46            android:windowSoftInputMode="adjustPan" >
46-->src\main\AndroidManifest.xml:35:13-52
47            <intent-filter>
47-->src\main\AndroidManifest.xml:36:13-40:29
48                <action android:name="android.intent.action.MAIN" />
48-->src\main\AndroidManifest.xml:37:17-69
48-->src\main\AndroidManifest.xml:37:25-66
49
50                <category android:name="android.intent.category.LAUNCHER" />
50-->src\main\AndroidManifest.xml:39:17-77
50-->src\main\AndroidManifest.xml:39:27-74
51            </intent-filter>
52        </activity>
53        <activity android:name="com.example.mdp_android_grp15.ui.main.BluetoothPopUp" />
53-->src\main\AndroidManifest.xml:42:9-69
53-->src\main\AndroidManifest.xml:42:19-57
54        <activity android:name="com.example.mdp_android_grp15.ui.main.MapInformation" />
54-->src\main\AndroidManifest.xml:43:9-60
54-->src\main\AndroidManifest.xml:43:19-57
55        <!-- Needs to be explicitly declared on P+ -->
56        <uses-library
56-->[com.google.android.gms:play-services-maps:17.0.0] AndroidManifest.xml:33:9-35:40
57            android:name="org.apache.http.legacy"
57-->[com.google.android.gms:play-services-maps:17.0.0] AndroidManifest.xml:34:13-50
58            android:required="false" />
58-->[com.google.android.gms:play-services-maps:17.0.0] AndroidManifest.xml:35:13-37
59
60        <activity
60-->[com.google.android.gms:play-services-base:17.0.0] AndroidManifest.xml:23:9-26:75
61            android:name="com.google.android.gms.common.api.GoogleApiActivity"
61-->[com.google.android.gms:play-services-base:17.0.0] AndroidManifest.xml:24:13-79
62            android:exported="false"
62-->[com.google.android.gms:play-services-base:17.0.0] AndroidManifest.xml:25:13-37
63            android:theme="@android:style/Theme.Translucent.NoTitleBar" />
63-->[com.google.android.gms:play-services-base:17.0.0] AndroidManifest.xml:26:13-72
64
65        <meta-data
65-->[com.google.android.gms:play-services-basement:17.0.0] AndroidManifest.xml:23:9-25:69
66            android:name="com.google.android.gms.version"
66-->[com.google.android.gms:play-services-basement:17.0.0] AndroidManifest.xml:24:13-58
67            android:value="@integer/google_play_services_version" />
67-->[com.google.android.gms:play-services-basement:17.0.0] AndroidManifest.xml:25:13-66
68
69        <provider
69-->[androidx.lifecycle:lifecycle-process:2.2.0] AndroidManifest.xml:25:9-29:43
70            android:name="androidx.lifecycle.ProcessLifecycleOwnerInitializer"
70-->[androidx.lifecycle:lifecycle-process:2.2.0] AndroidManifest.xml:26:13-79
71            android:authorities="com.example.mdp_android_grp15.lifecycle-process"
71-->[androidx.lifecycle:lifecycle-process:2.2.0] AndroidManifest.xml:27:13-69
72            android:exported="false"
72-->[androidx.lifecycle:lifecycle-process:2.2.0] AndroidManifest.xml:28:13-37
73            android:multiprocess="true" />
73-->[androidx.lifecycle:lifecycle-process:2.2.0] AndroidManifest.xml:29:13-40
74    </application>
75
76</manifest>